-------------------------------------------------------------------------------
[04:16PM] NGL configured with 
[04:16PM] OpenGL 4.3.0 NVIDIA 530.30.02
[04:16PM] GLSL version 4.30 NVIDIA via Cg compiler
-------------------------------------------------------------------------------
[04:16PM] creating empty ShaderProgram nglTextShader
[04:16PM] just attached nglTextVertex to ngl::ShaderLib
[04:16PM] just attached nglTextFragment to ngl::ShaderLib
[04:16PM] Compiling Shader nglTextVertex
[04:16PM] Compiling Shader nglTextFragment
[04:16PM] nglTextVertex attached to program
[04:16PM] nglTextFragment attached to program
[04:16PM] Linking nglTextShader
[04:16PM] linking Shader nglTextShader 
FOUND UNIFORM BLOCKS 0
FOUND UNIFORM BLOCKS 0
[04:16PM] creating empty ShaderProgram nglColourShader
[04:16PM] just attached nglColourVertex to ngl::ShaderLib
[04:16PM] just attached nglColourFragment to ngl::ShaderLib
[04:16PM] Compiling Shader nglColourVertex
[04:16PM] Compiling Shader nglColourFragment
[04:16PM] nglColourVertex attached to program
[04:16PM] nglColourFragment attached to program
[04:16PM] Linking nglColourShader
[04:16PM] linking Shader nglColourShader 
FOUND UNIFORM BLOCKS 0
FOUND UNIFORM BLOCKS 0
[04:16PM] creating empty ShaderProgram nglDiffuseShader
[04:16PM] just attached nglDiffuseVertex to ngl::ShaderLib
[04:16PM] just attached nglDiffuseFragment to ngl::ShaderLib
[04:16PM] Compiling Shader nglDiffuseVertex
[04:16PM] Compiling Shader nglDiffuseFragment
[04:16PM] nglDiffuseVertex attached to program
[04:16PM] nglDiffuseFragment attached to program
[04:16PM] Linking nglDiffuseShader
[04:16PM] linking Shader nglDiffuseShader 
FOUND UNIFORM BLOCKS 0
FOUND UNIFORM BLOCKS 0
[04:16PM] creating empty ShaderProgram nglCheckerShader
[04:16PM] just attached nglCheckerVertex to ngl::ShaderLib
[04:16PM] just attached nglCheckerFragment to ngl::ShaderLib
[04:16PM] Compiling Shader nglCheckerVertex
[04:16PM] Compiling Shader nglCheckerFragment
[04:16PM] nglCheckerVertex attached to program
[04:16PM] nglCheckerFragment attached to program
[04:16PM] Linking nglCheckerShader
[04:16PM] linking Shader nglCheckerShader 
FOUND UNIFORM BLOCKS 0
FOUND UNIFORM BLOCKS 0
[04:16PM] creating empty ShaderProgram ParticleShader
[04:16PM] just attached ParticleShaderVertex to ngl::ShaderLib
[04:16PM] just attached ParticleShaderFragment to ngl::ShaderLib
[04:16PM] Compiling Shader ParticleShaderVertex
[04:16PM] Compiling Shader ParticleShaderFragment
[04:16PM] ParticleShaderVertex attached to program
[04:16PM] ParticleShaderFragment attached to program
[04:16PM] Linking ParticleShader
[04:16PM] linking Shader ParticleShader 
FOUND UNIFORM BLOCKS 0
